2016-01-12 00:07:06,009 [Timer-2] INFO  o.s.web.context.ContextLoader - Root WebApplicationContext: initialization started
2016-01-12 00:07:06,102 [Timer-2] INFO  o.s.w.c.s.AnnotationConfigWebApplicationContext - Refreshing Root WebApplicationContext: startup date [Tue Jan 12 00:07:06 MSK 2016]; root of context hierarchy
2016-01-12 00:07:06,163 [Timer-2] INFO  o.s.w.c.s.AnnotationConfigWebApplicationContext - Successfully resolved class for [com.checker.core.config.RootApplicationContextConfig]
2016-01-12 00:07:06,559 [Timer-2] INFO  o.s.b.f.xml.XmlBeanDefinitionReader - Loading XML bean definitions from URL [jar:file:/C:/maven-3.3.3/repository.2/com/checker/core/checker-core/1.0-SNAPSHOT/checker-core-1.0-SNAPSHOT.jar!/db-context.xml]
2016-01-12 00:07:07,016 [Timer-2] INFO  o.s.b.f.a.AutowiredAnnotationBeanPostProcessor - JSR-330 'javax.inject.Inject' annotation found and supported for autowiring
2016-01-12 00:07:08,014 [Timer-2] INFO  c.c.c.c.RootApplicationContextConfig - ###RootApplicationContextConfig loaded!###
2016-01-12 00:07:08,406 [Timer-2] INFO  o.h.annotations.common.Version - HCANN000001: Hibernate Commons Annotations {4.0.5.Final}
2016-01-12 00:07:08,424 [Timer-2] INFO  org.hibernate.Version - HHH000412: Hibernate Core {4.3.10.Final}
2016-01-12 00:07:08,430 [Timer-2] INFO  org.hibernate.cfg.Environment - HHH000206: hibernate.properties not found
2016-01-12 00:07:08,433 [Timer-2] INFO  org.hibernate.cfg.Environment - HHH000021: Bytecode provider name : javassist
2016-01-12 00:07:08,870 [Timer-2] INFO  o.h.e.j.c.i.ConnectionProviderInitiator - HHH000130: Instantiating explicit connection provider: org.hibernate.connection.C3P0ConnectionProvider
2016-01-12 00:07:08,897 [Timer-2] INFO  o.h.c.i.C3P0ConnectionProvider - HHH010002: C3P0 using driver: org.postgresql.Driver at URL: jdbc:postgresql://localhost:5432/checker
2016-01-12 00:07:08,897 [Timer-2] INFO  o.h.c.i.C3P0ConnectionProvider - HHH000046: Connection properties: {user=postgres, password=****}
2016-01-12 00:07:08,897 [Timer-2] INFO  o.h.c.i.C3P0ConnectionProvider - HHH000006: Autocommit mode: false
2016-01-12 00:07:08,933 [Timer-2] INFO  com.mchange.v2.log.MLog - MLog clients using log4j logging.
2016-01-12 00:07:09,055 [Timer-2] INFO  com.mchange.v2.c3p0.C3P0Registry - Initializing c3p0-0.9.2.1 [built 20-March-2013 10:47:27 +0000; debug? true; trace: 10]
2016-01-12 00:07:09,259 [Timer-2] INFO  c.m.v.c.i.AbstractPoolBackedDataSource - Initializing c3p0 pool... com.mchange.v2.c3p0.PoolBackedDataSource@79638266 [ connectionPoolDataSource -> com.mchange.v2.c3p0.WrapperConnectionPoolDataSource@d947b53b [ acquireIncrement -> 1, acquireRetryAttempts -> 30, acquireRetryDelay -> 1000, autoCommitOnClose -> false, automaticTestTable -> null, breakAfterAcquireFailure -> false, checkoutTimeout -> 0, connectionCustomizerClassName -> null, connectionTesterClassName -> com.mchange.v2.c3p0.impl.DefaultConnectionTester, debugUnreturnedConnectionStackTraces -> false, factoryClassLocation -> null, forceIgnoreUnresolvedTransactions -> false, identityToken -> 1hgeby99edyfc8v1t7klkv|1e29e8a2, idleConnectionTestPeriod -> 200, initialPoolSize -> 5, maxAdministrativeTaskTime -> 0, maxConnectionAge -> 0, maxIdleTime -> 300, maxIdleTimeExcessConnections -> 0, maxPoolSize -> 10, maxStatements -> 50, maxStatementsPerConnection -> 0, minPoolSize -> 5, nestedDataSource -> com.mchange.v2.c3p0.DriverManagerDataSource@ec14ea99 [ description -> null, driverClass -> null, factoryClassLocation -> null, identityToken -> 1hgeby99edyfc8v1t7klkv|eaf7c7, jdbcUrl -> jdbc:postgresql://localhost:5432/checker, properties -> {user=******, password=******} ], preferredTestQuery -> null, propertyCycle -> 0, statementCacheNumDeferredCloseThreads -> 0, testConnectionOnCheckin -> false, testConnectionOnCheckout -> false, unreturnedConnectionTimeout -> 300, usesTraditionalReflectiveProxies -> false; userOverrides: {} ], dataSourceName -> null, factoryClassLocation -> null, identityToken -> 1hgeby99edyfc8v1t7klkv|6ef69b9e, numHelperThreads -> 3 ]
2016-01-12 00:07:09,962 [Timer-2] INFO  org.hibernate.dialect.Dialect - HHH000400: Using dialect: org.hibernate.dialect.PostgreSQLDialect
2016-01-12 00:07:09,980 [Timer-2] INFO  o.h.e.j.internal.LobCreatorBuilder - HHH000424: Disabling contextual LOB creation as createClob() method threw error : java.lang.reflect.InvocationTargetException
2016-01-12 00:07:10,242 [Timer-2] INFO  o.h.e.t.i.TransactionFactoryInitiator - HHH000399: Using default transaction strategy (direct JDBC transactions)
2016-01-12 00:07:10,249 [Timer-2] INFO  o.h.h.i.a.ASTQueryTranslatorFactory - HHH000397: Using ASTQueryTranslatorFactory
2016-01-12 00:07:12,213 [Timer-2] INFO  o.s.o.h.HibernateTransactionManager - Using DataSource [com.mchange.v2.c3p0.PoolBackedDataSource@79638266 [ connectionPoolDataSource -> com.mchange.v2.c3p0.WrapperConnectionPoolDataSource@d947b53b [ acquireIncrement -> 1, acquireRetryAttempts -> 30, acquireRetryDelay -> 1000, autoCommitOnClose -> false, automaticTestTable -> null, breakAfterAcquireFailure -> false, checkoutTimeout -> 0, connectionCustomizerClassName -> null, connectionTesterClassName -> com.mchange.v2.c3p0.impl.DefaultConnectionTester, debugUnreturnedConnectionStackTraces -> false, factoryClassLocation -> null, forceIgnoreUnresolvedTransactions -> false, identityToken -> 1hgeby99edyfc8v1t7klkv|1e29e8a2, idleConnectionTestPeriod -> 200, initialPoolSize -> 5, maxAdministrativeTaskTime -> 0, maxConnectionAge -> 0, maxIdleTime -> 300, maxIdleTimeExcessConnections -> 0, maxPoolSize -> 10, maxStatements -> 50, maxStatementsPerConnection -> 0, minPoolSize -> 5, nestedDataSource -> com.mchange.v2.c3p0.DriverManagerDataSource@ec14ea99 [ description -> null, driverClass -> null, factoryClassLocation -> null, identityToken -> 1hgeby99edyfc8v1t7klkv|eaf7c7, jdbcUrl -> jdbc:postgresql://localhost:5432/checker, properties -> {user=******, password=******} ], preferredTestQuery -> null, propertyCycle -> 0, statementCacheNumDeferredCloseThreads -> 0, testConnectionOnCheckin -> false, testConnectionOnCheckout -> false, unreturnedConnectionTimeout -> 300, usesTraditionalReflectiveProxies -> false; userOverrides: {} ], dataSourceName -> null, factoryClassLocation -> null, identityToken -> 1hgeby99edyfc8v1t7klkv|6ef69b9e, numHelperThreads -> 3 ]] of Hibernate SessionFactory for HibernateTransactionManager
2016-01-12 00:07:12,337 [Timer-2] INFO  o.s.c.e.EhCacheManagerFactoryBean - Initializing EhCache CacheManager
2016-01-12 00:07:12,664 [Timer-2] INFO  o.s.j.e.a.AnnotationMBeanExporter - Registering beans for JMX exposure on startup
2016-01-12 00:07:12,675 [Timer-2] INFO  o.s.web.context.ContextLoader - Root WebApplicationContext: initialization completed in 6661 ms
2016-01-12 00:07:12,712 [Timer-2] INFO  o.s.web.servlet.DispatcherServlet - FrameworkServlet 'checker': initialization started
2016-01-12 00:07:12,717 [Timer-2] INFO  o.s.w.c.s.AnnotationConfigWebApplicationContext - Refreshing WebApplicationContext for namespace 'checker-servlet': startup date [Tue Jan 12 00:07:12 MSK 2016]; parent: Root WebApplicationContext
2016-01-12 00:07:12,721 [Timer-2] INFO  o.s.w.c.s.AnnotationConfigWebApplicationContext - Successfully resolved class for [com.checker.cms.config.MvcCoreConfig]
2016-01-12 00:07:12,982 [Timer-2] INFO  o.s.b.f.a.AutowiredAnnotationBeanPostProcessor - JSR-330 'javax.inject.Inject' annotation found and supported for autowiring
2016-01-12 00:07:13,007 [Timer-2] INFO  com.checker.cms.config.MvcCoreConfig - ###MvcCoreConfig loaded!###
2016-01-12 00:07:13,022 [Timer-2] WARN  o.s.w.c.s.AnnotationConfigWebApplicationContext - Exception encountered during context initialization - cancelling refresh attempt: org.springframework.beans.factory.BeanCreationException: Error creating bean with name 'ajaxFunctions' defined in file [D:\develop\eclipse workspace\Eclipse SOL\checker-cms\target\classes\com\checker\cms\controllers\AjaxFunctions.class]: Instantiation of bean failed; nested exception is org.springframework.beans.BeanInstantiationException: Failed to instantiate [com.checker.cms.controllers.AjaxFunctions]: Constructor threw exception; nested exception is java.lang.Error: Unresolved compilation problems: 
	The import com.checker.core.dao.service.CityService cannot be resolved
	The import com.checker.core.dao.service.MainService cannot be resolved
	The import com.checker.core.dao.service.MarketPointService cannot be resolved
	The import com.checker.core.dao.service.UserService cannot be resolved
	The import com.checker.core.entity.City cannot be resolved
	The import com.checker.core.utilz.Transformer cannot be resolved
	Transformer cannot be resolved to a type
	MarketPointService cannot be resolved to a type
	CityService cannot be resolved to a type
	MainService cannot be resolved to a type
	UserService cannot be resolved to a type
	Transformer cannot be resolved to a type
	MarketPointService cannot be resolved to a type
	City cannot be resolved to a type
	CityService cannot be resolved to a type
	The method emptyList() from the type Collections refers to the missing type City
	MarketPointService cannot be resolved to a type

2016-01-12 00:07:13,042 [Timer-2] ERROR o.s.web.servlet.DispatcherServlet - Context initialization failed
org.springframework.beans.factory.BeanCreationException: Error creating bean with name 'ajaxFunctions' defined in file [D:\develop\eclipse workspace\Eclipse SOL\checker-cms\target\classes\com\checker\cms\controllers\AjaxFunctions.class]: Instantiation of bean failed; nested exception is org.springframework.beans.BeanInstantiationException: Failed to instantiate [com.checker.cms.controllers.AjaxFunctions]: Constructor threw exception; nested exception is java.lang.Error: Unresolved compilation problems: 
	The import com.checker.core.dao.service.CityService cannot be resolved
	The import com.checker.core.dao.service.MainService cannot be resolved
	The import com.checker.core.dao.service.MarketPointService cannot be resolved
	The import com.checker.core.dao.service.UserService cannot be resolved
	The import com.checker.core.entity.City cannot be resolved
	The import com.checker.core.utilz.Transformer cannot be resolved
	Transformer cannot be resolved to a type
	MarketPointService cannot be resolved to a type
	CityService cannot be resolved to a type
	MainService cannot be resolved to a type
	UserService cannot be resolved to a type
	Transformer cannot be resolved to a type
	MarketPointService cannot be resolved to a type
	City cannot be resolved to a type
	CityService cannot be resolved to a type
	The method emptyList() from the type Collections refers to the missing type City
	MarketPointService cannot be resolved to a type

	at org.springframework.beans.factory.support.AbstractAutowireCapableBeanFactory.instantiateBean(AbstractAutowireCapableBeanFactory.java:1105) ~[spring-beans-4.2.4.RELEASE.jar:4.2.4.RELEASE]
	at org.springframework.beans.factory.support.AbstractAutowireCapableBeanFactory.createBeanInstance(AbstractAutowireCapableBeanFactory.java:1050) ~[spring-beans-4.2.4.RELEASE.jar:4.2.4.RELEASE]
	at org.springframework.beans.factory.support.AbstractAutowireCapableBeanFactory.doCreateBean(AbstractAutowireCapableBeanFactory.java:510) ~[spring-beans-4.2.4.RELEASE.jar:4.2.4.RELEASE]
	at org.springframework.beans.factory.support.AbstractAutowireCapableBeanFactory.createBean(AbstractAutowireCapableBeanFactory.java:482) ~[spring-beans-4.2.4.RELEASE.jar:4.2.4.RELEASE]
	at org.springframework.beans.factory.support.AbstractBeanFactory$1.getObject(AbstractBeanFactory.java:306) ~[spring-beans-4.2.4.RELEASE.jar:4.2.4.RELEASE]
	at org.springframework.beans.factory.support.DefaultSingletonBeanRegistry.getSingleton(DefaultSingletonBeanRegistry.java:230) ~[spring-beans-4.2.4.RELEASE.jar:4.2.4.RELEASE]
	at org.springframework.beans.factory.support.AbstractBeanFactory.doGetBean(AbstractBeanFactory.java:302) ~[spring-beans-4.2.4.RELEASE.jar:4.2.4.RELEASE]
	at org.springframework.beans.factory.support.AbstractBeanFactory.getBean(AbstractBeanFactory.java:197) ~[spring-beans-4.2.4.RELEASE.jar:4.2.4.RELEASE]
	at org.springframework.beans.factory.support.DefaultListableBeanFactory.preInstantiateSingletons(DefaultListableBeanFactory.java:772) ~[spring-beans-4.2.4.RELEASE.jar:4.2.4.RELEASE]
	at org.springframework.context.support.AbstractApplicationContext.finishBeanFactoryInitialization(AbstractApplicationContext.java:839) ~[spring-context-4.2.4.RELEASE.jar:4.2.4.RELEASE]
	at org.springframework.context.support.AbstractApplicationContext.refresh(AbstractApplicationContext.java:538) ~[spring-context-4.2.4.RELEASE.jar:4.2.4.RELEASE]
	at org.springframework.web.servlet.FrameworkServlet.configureAndRefreshWebApplicationContext(FrameworkServlet.java:668) ~[spring-webmvc-4.2.4.RELEASE.jar:4.2.4.RELEASE]
	at org.springframework.web.servlet.FrameworkServlet.createWebApplicationContext(FrameworkServlet.java:634) ~[spring-webmvc-4.2.4.RELEASE.jar:4.2.4.RELEASE]
	at org.springframework.web.servlet.FrameworkServlet.createWebApplicationContext(FrameworkServlet.java:682) ~[spring-webmvc-4.2.4.RELEASE.jar:4.2.4.RELEASE]
	at org.springframework.web.servlet.FrameworkServlet.initWebApplicationContext(FrameworkServlet.java:553) ~[spring-webmvc-4.2.4.RELEASE.jar:4.2.4.RELEASE]
	at org.springframework.web.servlet.FrameworkServlet.initServletBean(FrameworkServlet.java:494) ~[spring-webmvc-4.2.4.RELEASE.jar:4.2.4.RELEASE]
	at org.springframework.web.servlet.HttpServletBean.init(HttpServletBean.java:136) [spring-webmvc-4.2.4.RELEASE.jar:4.2.4.RELEASE]
	at javax.servlet.GenericServlet.init(GenericServlet.java:241) [servlet-api-2.5-20081211.jar:na]
	at org.mortbay.jetty.servlet.ServletHolder.initServlet(ServletHolder.java:440) [jetty-6.1.26.jar:6.1.26]
	at org.mortbay.jetty.servlet.ServletHolder.doStart(ServletHolder.java:263) [jetty-6.1.26.jar:6.1.26]
	at org.mortbay.component.AbstractLifeCycle.start(AbstractLifeCycle.java:50) [jetty-util-6.1.26.jar:6.1.26]
	at org.mortbay.jetty.servlet.ServletHandler.initialize(ServletHandler.java:736) [jetty-6.1.26.jar:6.1.26]
	at org.mortbay.jetty.servlet.Context.startContext(Context.java:140) [jetty-6.1.26.jar:6.1.26]
	at org.mortbay.jetty.webapp.WebAppContext.startContext(WebAppContext.java:1282) [jetty-6.1.26.jar:6.1.26]
	at org.mortbay.jetty.handler.ContextHandler.doStart(ContextHandler.java:518) [jetty-6.1.26.jar:6.1.26]
	at org.mortbay.jetty.webapp.WebAppContext.doStart(WebAppContext.java:499) [jetty-6.1.26.jar:6.1.26]
	at org.mortbay.jetty.plugin.Jetty6PluginWebAppContext.doStart(Jetty6PluginWebAppContext.java:115) [maven-jetty-plugin-6.1.26.jar:6.1.26]
	at org.mortbay.component.AbstractLifeCycle.start(AbstractLifeCycle.java:50) [jetty-util-6.1.26.jar:6.1.26]
	at org.mortbay.jetty.plugin.AbstractJettyRunMojo.restartWebApp(AbstractJettyRunMojo.java:458) [maven-jetty-plugin-6.1.26.jar:6.1.26]
	at org.mortbay.jetty.plugin.AbstractJettyRunMojo$1.filesChanged(AbstractJettyRunMojo.java:419) [maven-jetty-plugin-6.1.26.jar:6.1.26]
	at org.mortbay.util.Scanner.reportBulkChanges(Scanner.java:486) [jetty-util-6.1.26.jar:6.1.26]
	at org.mortbay.util.Scanner.reportDifferences(Scanner.java:352) [jetty-util-6.1.26.jar:6.1.26]
	at org.mortbay.util.Scanner.scan(Scanner.java:280) [jetty-util-6.1.26.jar:6.1.26]
	at org.mortbay.util.Scanner$1.run(Scanner.java:232) [jetty-util-6.1.26.jar:6.1.26]
	at java.util.TimerThread.mainLoop(Timer.java:555) [na:1.7.0_15]
	at java.util.TimerThread.run(Timer.java:505) [na:1.7.0_15]
Caused by: org.springframework.beans.BeanInstantiationException: Failed to instantiate [com.checker.cms.controllers.AjaxFunctions]: Constructor threw exception; nested exception is java.lang.Error: Unresolved compilation problems: 
	The import com.checker.core.dao.service.CityService cannot be resolved
	The import com.checker.core.dao.service.MainService cannot be resolved
	The import com.checker.core.dao.service.MarketPointService cannot be resolved
	The import com.checker.core.dao.service.UserService cannot be resolved
	The import com.checker.core.entity.City cannot be resolved
	The import com.checker.core.utilz.Transformer cannot be resolved
	Transformer cannot be resolved to a type
	MarketPointService cannot be resolved to a type
	CityService cannot be resolved to a type
	MainService cannot be resolved to a type
	UserService cannot be resolved to a type
	Transformer cannot be resolved to a type
	MarketPointService cannot be resolved to a type
	City cannot be resolved to a type
	CityService cannot be resolved to a type
	The method emptyList() from the type Collections refers to the missing type City
	MarketPointService cannot be resolved to a type

	at org.springframework.beans.BeanUtils.instantiateClass(BeanUtils.java:163) ~[spring-beans-4.2.4.RELEASE.jar:4.2.4.RELEASE]
	at org.springframework.beans.factory.support.SimpleInstantiationStrategy.instantiate(SimpleInstantiationStrategy.java:89) ~[spring-beans-4.2.4.RELEASE.jar:4.2.4.RELEASE]
	at org.springframework.beans.factory.support.AbstractAutowireCapableBeanFactory.instantiateBean(AbstractAutowireCapableBeanFactory.java:1098) ~[spring-beans-4.2.4.RELEASE.jar:4.2.4.RELEASE]
	... 35 common frames omitted
Caused by: java.lang.Error: Unresolved compilation problems: 
	The import com.checker.core.dao.service.CityService cannot be resolved
	The import com.checker.core.dao.service.MainService cannot be resolved
	The import com.checker.core.dao.service.MarketPointService cannot be resolved
	The import com.checker.core.dao.service.UserService cannot be resolved
	The import com.checker.core.entity.City cannot be resolved
	The import com.checker.core.utilz.Transformer cannot be resolved
	Transformer cannot be resolved to a type
	MarketPointService cannot be resolved to a type
	CityService cannot be resolved to a type
	MainService cannot be resolved to a type
	UserService cannot be resolved to a type
	Transformer cannot be resolved to a type
	MarketPointService cannot be resolved to a type
	City cannot be resolved to a type
	CityService cannot be resolved to a type
	The method emptyList() from the type Collections refers to the missing type City
	MarketPointService cannot be resolved to a type

	at com.checker.cms.controllers.AjaxFunctions.<init>(AjaxFunctions.java:19) ~[classes/:na]
	at sun.reflect.NativeConstructorAccessorImpl.newInstance0(Native Method) ~[na:1.7.0_15]
	at sun.reflect.NativeConstructorAccessorImpl.newInstance(NativeConstructorAccessorImpl.java:57) ~[na:1.7.0_15]
	at sun.reflect.DelegatingConstructorAccessorImpl.newInstance(DelegatingConstructorAccessorImpl.java:45) ~[na:1.7.0_15]
	at java.lang.reflect.Constructor.newInstance(Constructor.java:525) ~[na:1.7.0_15]
	at org.springframework.beans.BeanUtils.instantiateClass(BeanUtils.java:147) ~[spring-beans-4.2.4.RELEASE.jar:4.2.4.RELEASE]
	... 37 common frames omitted
2016-01-12 00:07:13,624 [Timer-2] INFO  o.s.w.c.s.AnnotationConfigWebApplicationContext - Closing Root WebApplicationContext: startup date [Tue Jan 12 00:07:06 MSK 2016]; root of context hierarchy
2016-01-12 00:07:13,625 [Timer-2] INFO  o.s.c.e.EhCacheManagerFactoryBean - Shutting down EhCache CacheManager
2016-01-12 00:07:13,632 [Timer-2] INFO  o.s.j.e.a.AnnotationMBeanExporter - Unregistering JMX-exposed beans on shutdown
